<?xml version="1.0" encoding="UTF-8"?>
<robot generator="Robot 4.1.3 (Python 3.10.2 on win32)" generated="20220303 15:48:57.009" rpa="false" schemaversion="2">
<suite id="s1" name="Tests" source="C:\Users\Jennifer Toivanen\PycharmProjects\pythonProjectPractice\Tests">
<suite id="s1-s1" name="Webtest" source="C:\Users\Jennifer Toivanen\PycharmProjects\pythonProjectPractice\Tests\webtest.robot">
<test id="s1-s1-t1" name="User Can Access Website And Search For A Product">
<kw name="Open Browser" library="SeleniumLibrary">
<arg>about:blankd</arg>
<arg>chrome</arg>
<doc>Opens a new browser instance to the optional ``url``.</doc>
<msg timestamp="20220303 15:48:57.624" level="INFO">Opening browser 'chrome' to base url 'about:blankd'.</msg>
<status status="PASS" starttime="20220303 15:48:57.623" endtime="20220303 15:48:59.917"/>
</kw>
<kw name="Go To" library="SeleniumLibrary">
<arg>https://mediamarkt.se</arg>
<doc>Navigates the current browser window to the provided ``url``.</doc>
<msg timestamp="20220303 15:48:59.922" level="INFO">Opening url 'https://mediamarkt.se'</msg>
<status status="PASS" starttime="20220303 15:48:59.918" endtime="20220303 15:49:12.257"/>
</kw>
<kw name="Wait Until Page Contains" library="SeleniumLibrary">
<arg>Om MediaMarkt</arg>
<doc>Waits until ``text`` appears on the current page.</doc>
<status status="PASS" starttime="20220303 15:49:12.260" endtime="20220303 15:49:12.461"/>
</kw>
<kw name="Input Text" library="SeleniumLibrary">
<arg>//*[@id="search-autocomplete"]/form/input[1]</arg>
<arg>The Sims</arg>
<doc>Types the given ``text`` into the text field identified by ``locator``.</doc>
<msg timestamp="20220303 15:49:12.462" level="INFO">Typing text 'The Sims' into text field '//*[@id="search-autocomplete"]/form/input[1]'.</msg>
<status status="PASS" starttime="20220303 15:49:12.461" endtime="20220303 15:49:12.717"/>
</kw>
<kw name="Press Keys" library="SeleniumLibrary">
<arg>//*[@id="search-autocomplete"]/form/input[1]</arg>
<arg>RETURN</arg>
<doc>Simulates the user pressing key(s) to an element or on the active browser.</doc>
<msg timestamp="20220303 15:49:12.720" level="INFO">Sending key(s) ('RETURN',) to //*[@id="search-autocomplete"]/form/input[1] element.</msg>
<msg timestamp="20220303 15:49:13.424" level="INFO">Pressing special key RETURN to element.</msg>
<msg timestamp="20220303 15:49:13.424" level="INFO">Releasing special key RETURN.</msg>
<status status="PASS" starttime="20220303 15:49:12.719" endtime="20220303 15:49:17.964"/>
</kw>
<kw name="Wait Until Page Contains" library="SeleniumLibrary">
<arg>The Sims</arg>
<doc>Waits until ``text`` appears on the current page.</doc>
<status status="PASS" starttime="20220303 15:49:17.967" endtime="20220303 15:49:18.046"/>
</kw>
<kw name="Press Keys" library="SeleniumLibrary">
<arg>//*[@id="category"]/ul[2]/li[2]/div/aside[2]/div[2]/a[2]</arg>
<arg>RETURN</arg>
<doc>Simulates the user pressing key(s) to an element or on the active browser.</doc>
<msg timestamp="20220303 15:49:18.049" level="INFO">Sending key(s) ('RETURN',) to //*[@id="category"]/ul[2]/li[2]/div/aside[2]/div[2]/a[2] element.</msg>
<msg timestamp="20220303 15:49:18.663" level="INFO">Pressing special key RETURN to element.</msg>
<msg timestamp="20220303 15:49:18.663" level="INFO">Releasing special key RETURN.</msg>
<status status="PASS" starttime="20220303 15:49:18.048" endtime="20220303 15:49:18.728"/>
</kw>
<kw name="Wait Until Page Contains" library="SeleniumLibrary">
<arg>The Sims 4 Xbox One</arg>
<doc>Waits until ``text`` appears on the current page.</doc>
<status status="PASS" starttime="20220303 15:49:18.729" endtime="20220303 15:49:18.752"/>
</kw>
<kw name="Press Keys" library="SeleniumLibrary">
<arg>//*[@id="pdp-add-to-cart"]</arg>
<arg>RETURN</arg>
<doc>Simulates the user pressing key(s) to an element or on the active browser.</doc>
<msg timestamp="20220303 15:49:18.753" level="INFO">Sending key(s) ('RETURN',) to //*[@id="pdp-add-to-cart"] element.</msg>
<msg timestamp="20220303 15:49:19.199" level="INFO" html="true">&lt;/td&gt;&lt;/tr&gt;&lt;tr&gt;&lt;td colspan="3"&gt;&lt;a href="selenium-screenshot-7.png"&gt;&lt;img src="selenium-screenshot-7.png" width="800px"&gt;&lt;/a&gt;</msg>
<msg timestamp="20220303 15:49:19.234" level="FAIL">Element with locator '//*[@id="pdp-add-to-cart"]' not found.</msg>
<status status="FAIL" starttime="20220303 15:49:18.753" endtime="20220303 15:49:19.234"/>
</kw>
<kw name="Close Browser" library="SeleniumLibrary">
<doc>Closes the current browser.</doc>
<status status="NOT RUN" starttime="20220303 15:49:19.237" endtime="20220303 15:49:19.237"/>
</kw>
<doc>This is some basic information about the test</doc>
<tag>Test 1</tag>
<status status="FAIL" starttime="20220303 15:48:57.621" endtime="20220303 15:49:19.237">Element with locator '//*[@id="pdp-add-to-cart"]' not found.</status>
</test>
<doc>Some basic infomation about the whoke test suite</doc>
<status status="FAIL" starttime="20220303 15:48:57.075" endtime="20220303 15:49:19.241"/>
</suite>
<status status="FAIL" starttime="20220303 15:48:57.012" endtime="20220303 15:49:19.247"/>
</suite>
<statistics>
<total>
<stat pass="0" fail="1" skip="0">All Tests</stat>
</total>
<tag>
<stat pass="0" fail="1" skip="0">Test 1</stat>
</tag>
<suite>
<stat pass="0" fail="1" skip="0" id="s1" name="Tests">Tests</stat>
<stat pass="0" fail="1" skip="0" id="s1-s1" name="Webtest">Tests.Webtest</stat>
</suite>
</statistics>
<errors>
</errors>
</robot>
